<?xml version="1.0" encoding="UTF-8"?>
<!-- Generated by org.testng.reporters.JUnitXMLReporter -->
<testsuite hostname="WINCTRL-HCOKKA5" ignored="0" name="Default test" tests="2" failures="0" timestamp="13 Mar 2018 06:23:28 GMT" time="45.774" errors="0">
  <testcase name="verifyContactsPageLable" time="0.348" classname="com.crm.qa.testcases.ContactsPageTest"/>
  <testcase name="validateCreateNewContact" time="0.0" classname="com.crm.qa.testcases.ContactsPageTest">
    <skipped/>
  </testcase> <!-- validateCreateNewContact -->
</testsuite> <!-- Default test -->
