<?xml version="1.0" encoding="UTF-8"?>
<!-- Generated by org.testng.reporters.JUnitXMLReporter -->
<testsuite hostname="WINCTRL-HCOKKA5" ignored="0" name="Test" tests="6" failures="0" timestamp="19 Feb 2018 07:59:36 GMT" time="188.566" errors="0">
  <testcase name="loginPageTitleTest" time="0.141" classname="com.crm.qa.testcases.LoginPageTest"/>
  <testcase name="verifyHomePageTitleTest" time="0.018" classname="com.crm.qa.testcases.HomePageTest"/>
  <testcase name="validateCrmImage" time="1.077" classname="com.crm.qa.testcases.LoginPageTest"/>
  <testcase name="verifyUsernameTest" time="62.753" classname="com.crm.qa.testcases.HomePageTest"/>
  <testcase name="loginTest" time="6.659" classname="com.crm.qa.testcases.LoginPageTest"/>
  <testcase name="verifyContactsLinkTest" time="2.356" classname="com.crm.qa.testcases.HomePageTest"/>
</testsuite> <!-- Test -->
